<?xml version="1.0" encoding="UTF-8"?>
<testng-results ignored="0" total="1" passed="1" failed="0" skipped="0">
  <reporter-output>
    <line>
      <![CDATA[i am in login page]]>
    </line>
    <line>
      <![CDATA[I am in Sign Up page]]>
    </line>
    <line>
      <![CDATA[Procced Button is enabled ]]>
    </line>
    <line>
      <![CDATA[Verification code send successfully]]>
    </line>
    <line>
      <![CDATA[Verified that the Register button is enabled.]]>
    </line>
  </reporter-output>
  <suite started-at="2025-01-14T03:59:13 IST" name="Default suite" finished-at="2025-01-14T04:01:29 IST" duration-ms="136668">
    <groups>
    </groups>
    <test started-at="2025-01-14T03:59:13 IST" name="Default test" finished-at="2025-01-14T04:01:29 IST" duration-ms="136668">
      <class name="signUp_Page.VerifySignUpByBlankFields">
        <test-method signature="VerifySignUpByBlank()[pri:0, instance:signUp_Page.VerifySignUpByBlankFields@217ed35e]" started-at="2025-01-14T03:59:13 IST" name="VerifySignUpByBlank" finished-at="2025-01-14T04:01:29 IST" duration-ms="136598" status="PASS">
          <reporter-output>
            <line>
              <![CDATA[i am in login page]]>
            </line>
            <line>
              <![CDATA[I am in Sign Up page]]>
            </line>
            <line>
              <![CDATA[Procced Button is enabled ]]>
            </line>
            <line>
              <![CDATA[Verification code send successfully]]>
            </line>
            <line>
              <![CDATA[Verified that the Register button is enabled.]]>
            </line>
          </reporter-output>
        </test-method> <!-- VerifySignUpByBlank -->
      </class> <!-- signUp_Page.VerifySignUpByBlankFields -->
    </test> <!-- Default test -->
  </suite> <!-- Default suite -->
</testng-results>
